<?xml version="1.0" encoding="UTF-8"?>
<testsuite xmlns:xsi="http://www.w3.org/2001/XMLSchema-instance" xsi:noNamespaceSchemaLocation="https://maven.apache.org/surefire/maven-surefire-plugin/xsd/surefire-test-report-3.0.xsd" version="3.0" name="microservices.book.LeaderboardFeatureTest" time="4.373" tests="10" errors="0" skipped="0" failures="0">
  <properties>
    <property name="sun.desktop" value="gnome"/>
    <property name="awt.toolkit" value="sun.awt.X11.XToolkit"/>
    <property name="file.encoding.pkg" value="sun.io"/>
    <property name="java.specification.version" value="1.8"/>
    <property name="sun.cpu.isalist" value=""/>
    <property name="sun.jnu.encoding" value="UTF-8"/>
    <property name="java.class.path" value="/home/rhel7/proyectos/e2e-tests/target/test-classes:/home/rhel7/proyectos/e2e-tests/target/classes:/home/rhel7/.m2/repository/info/cukes/cucumber-core/1.2.5/cucumber-core-1.2.5.jar:/home/rhel7/.m2/repository/info/cukes/cucumber-html/0.2.3/cucumber-html-0.2.3.jar:/home/rhel7/.m2/repository/info/cukes/cucumber-jvm-deps/1.0.5/cucumber-jvm-deps-1.0.5.jar:/home/rhel7/.m2/repository/info/cukes/gherkin/2.12.2/gherkin-2.12.2.jar:/home/rhel7/.m2/repository/info/cukes/cucumber-java/1.2.5/cucumber-java-1.2.5.jar:/home/rhel7/.m2/repository/info/cukes/cucumber-junit/1.2.5/cucumber-junit-1.2.5.jar:/home/rhel7/.m2/repository/junit/junit/4.12/junit-4.12.jar:/home/rhel7/.m2/repository/org/hamcrest/hamcrest-core/1.3/hamcrest-core-1.3.jar:/home/rhel7/.m2/repository/info/cukes/cucumber-picocontainer/1.2.5/cucumber-picocontainer-1.2.5.jar:/home/rhel7/.m2/repository/org/picocontainer/picocontainer/2.15/picocontainer-2.15.jar:/home/rhel7/.m2/repository/org/apache/httpcomponents/fluent-hc/4.5.3/fluent-hc-4.5.3.jar:/home/rhel7/.m2/repository/org/apache/httpcomponents/httpclient/4.5.3/httpclient-4.5.3.jar:/home/rhel7/.m2/repository/org/apache/httpcomponents/httpcore/4.4.6/httpcore-4.4.6.jar:/home/rhel7/.m2/repository/commons-codec/commons-codec/1.9/commons-codec-1.9.jar:/home/rhel7/.m2/repository/commons-logging/commons-logging/1.2/commons-logging-1.2.jar:/home/rhel7/.m2/repository/org/junit/jupiter/junit-jupiter-engine/5.5.1/junit-jupiter-engine-5.5.1.jar:/home/rhel7/.m2/repository/org/apiguardian/apiguardian-api/1.1.0/apiguardian-api-1.1.0.jar:/home/rhel7/.m2/repository/org/junit/platform/junit-platform-engine/1.5.1/junit-platform-engine-1.5.1.jar:/home/rhel7/.m2/repository/org/opentest4j/opentest4j/1.2.0/opentest4j-1.2.0.jar:/home/rhel7/.m2/repository/org/junit/platform/junit-platform-commons/1.5.1/junit-platform-commons-1.5.1.jar:/home/rhel7/.m2/repository/org/junit/jupiter/junit-jupiter-api/5.5.1/junit-jupiter-api-5.5.1.jar:/home/rhel7/.m2/repository/org/junit/vintage/junit-vintage-engine/5.5.1/junit-vintage-engine-5.5.1.jar:/home/rhel7/.m2/repository/org/assertj/assertj-core/3.8.0/assertj-core-3.8.0.jar:/home/rhel7/.m2/repository/com/fasterxml/jackson/core/jackson-core/2.8.9/jackson-core-2.8.9.jar:/home/rhel7/.m2/repository/com/fasterxml/jackson/core/jackson-annotations/2.8.9/jackson-annotations-2.8.9.jar:/home/rhel7/.m2/repository/com/fasterxml/jackson/core/jackson-databind/2.8.9/jackson-databind-2.8.9.jar:"/>
    <property name="java.vm.vendor" value="Oracle Corporation"/>
    <property name="sun.arch.data.model" value="64"/>
    <property name="java.vendor.url" value="http://java.oracle.com/"/>
    <property name="user.timezone" value="Europe/Madrid"/>
    <property name="java.vm.specification.version" value="1.8"/>
    <property name="os.name" value="Linux"/>
    <property name="user.country" value="ES"/>
    <property name="sun.java.launcher" value="SUN_STANDARD"/>
    <property name="sun.boot.library.path" value="/usr/lib/jvm/java-1.8.0-openjdk-1.8.0.232.b09-0.el7_7.x86_64/jre/lib/amd64"/>
    <property name="sun.java.command" value="/home/rhel7/proyectos/e2e-tests/target/surefire/surefirebooter-20231017200959563_3.jar /home/rhel7/proyectos/e2e-tests/target/surefire 2023-10-17T20-09-59_420-jvmRun1 surefire-20231017200959563_1tmp surefire_0-20231017200959563_2tmp"/>
    <property name="surefire.test.class.path" value="/home/rhel7/proyectos/e2e-tests/target/test-classes:/home/rhel7/proyectos/e2e-tests/target/classes:/home/rhel7/.m2/repository/info/cukes/cucumber-core/1.2.5/cucumber-core-1.2.5.jar:/home/rhel7/.m2/repository/info/cukes/cucumber-html/0.2.3/cucumber-html-0.2.3.jar:/home/rhel7/.m2/repository/info/cukes/cucumber-jvm-deps/1.0.5/cucumber-jvm-deps-1.0.5.jar:/home/rhel7/.m2/repository/info/cukes/gherkin/2.12.2/gherkin-2.12.2.jar:/home/rhel7/.m2/repository/info/cukes/cucumber-java/1.2.5/cucumber-java-1.2.5.jar:/home/rhel7/.m2/repository/info/cukes/cucumber-junit/1.2.5/cucumber-junit-1.2.5.jar:/home/rhel7/.m2/repository/junit/junit/4.12/junit-4.12.jar:/home/rhel7/.m2/repository/org/hamcrest/hamcrest-core/1.3/hamcrest-core-1.3.jar:/home/rhel7/.m2/repository/info/cukes/cucumber-picocontainer/1.2.5/cucumber-picocontainer-1.2.5.jar:/home/rhel7/.m2/repository/org/picocontainer/picocontainer/2.15/picocontainer-2.15.jar:/home/rhel7/.m2/repository/org/apache/httpcomponents/fluent-hc/4.5.3/fluent-hc-4.5.3.jar:/home/rhel7/.m2/repository/org/apache/httpcomponents/httpclient/4.5.3/httpclient-4.5.3.jar:/home/rhel7/.m2/repository/org/apache/httpcomponents/httpcore/4.4.6/httpcore-4.4.6.jar:/home/rhel7/.m2/repository/commons-codec/commons-codec/1.9/commons-codec-1.9.jar:/home/rhel7/.m2/repository/commons-logging/commons-logging/1.2/commons-logging-1.2.jar:/home/rhel7/.m2/repository/org/junit/jupiter/junit-jupiter-engine/5.5.1/junit-jupiter-engine-5.5.1.jar:/home/rhel7/.m2/repository/org/apiguardian/apiguardian-api/1.1.0/apiguardian-api-1.1.0.jar:/home/rhel7/.m2/repository/org/junit/platform/junit-platform-engine/1.5.1/junit-platform-engine-1.5.1.jar:/home/rhel7/.m2/repository/org/opentest4j/opentest4j/1.2.0/opentest4j-1.2.0.jar:/home/rhel7/.m2/repository/org/junit/platform/junit-platform-commons/1.5.1/junit-platform-commons-1.5.1.jar:/home/rhel7/.m2/repository/org/junit/jupiter/junit-jupiter-api/5.5.1/junit-jupiter-api-5.5.1.jar:/home/rhel7/.m2/repository/org/junit/vintage/junit-vintage-engine/5.5.1/junit-vintage-engine-5.5.1.jar:/home/rhel7/.m2/repository/org/assertj/assertj-core/3.8.0/assertj-core-3.8.0.jar:/home/rhel7/.m2/repository/com/fasterxml/jackson/core/jackson-core/2.8.9/jackson-core-2.8.9.jar:/home/rhel7/.m2/repository/com/fasterxml/jackson/core/jackson-annotations/2.8.9/jackson-annotations-2.8.9.jar:/home/rhel7/.m2/repository/com/fasterxml/jackson/core/jackson-databind/2.8.9/jackson-databind-2.8.9.jar:"/>
    <property name="sun.cpu.endian" value="little"/>
    <property name="user.home" value="/home/rhel7"/>
    <property name="user.language" value="es"/>
    <property name="java.specification.vendor" value="Oracle Corporation"/>
    <property name="java.home" value="/usr/lib/jvm/java-1.8.0-openjdk-1.8.0.232.b09-0.el7_7.x86_64/jre"/>
    <property name="basedir" value="/home/rhel7/proyectos/e2e-tests"/>
    <property name="file.separator" value="/"/>
    <property name="line.separator" value="&#10;"/>
    <property name="java.vm.specification.vendor" value="Oracle Corporation"/>
    <property name="java.specification.name" value="Java Platform API Specification"/>
    <property name="java.awt.graphicsenv" value="sun.awt.X11GraphicsEnvironment"/>
    <property name="surefire.real.class.path" value="/home/rhel7/proyectos/e2e-tests/target/surefire/surefirebooter-20231017200959563_3.jar"/>
    <property name="sun.boot.class.path" value="/usr/lib/jvm/java-1.8.0-openjdk-1.8.0.232.b09-0.el7_7.x86_64/jre/lib/resources.jar:/usr/lib/jvm/java-1.8.0-openjdk-1.8.0.232.b09-0.el7_7.x86_64/jre/lib/rt.jar:/usr/lib/jvm/java-1.8.0-openjdk-1.8.0.232.b09-0.el7_7.x86_64/jre/lib/sunrsasign.jar:/usr/lib/jvm/java-1.8.0-openjdk-1.8.0.232.b09-0.el7_7.x86_64/jre/lib/jsse.jar:/usr/lib/jvm/java-1.8.0-openjdk-1.8.0.232.b09-0.el7_7.x86_64/jre/lib/jce.jar:/usr/lib/jvm/java-1.8.0-openjdk-1.8.0.232.b09-0.el7_7.x86_64/jre/lib/charsets.jar:/usr/lib/jvm/java-1.8.0-openjdk-1.8.0.232.b09-0.el7_7.x86_64/jre/lib/jfr.jar:/usr/lib/jvm/java-1.8.0-openjdk-1.8.0.232.b09-0.el7_7.x86_64/jre/classes"/>
    <property name="sun.management.compiler" value="HotSpot 64-Bit Tiered Compilers"/>
    <property name="java.runtime.version" value="1.8.0_232-b09"/>
    <property name="user.name" value="rhel7"/>
    <property name="path.separator" value=":"/>
    <property name="os.version" value="4.14.35-1902.3.2.el7uek.x86_64"/>
    <property name="java.endorsed.dirs" value="/usr/lib/jvm/java-1.8.0-openjdk-1.8.0.232.b09-0.el7_7.x86_64/jre/lib/endorsed"/>
    <property name="java.runtime.name" value="OpenJDK Runtime Environment"/>
    <property name="file.encoding" value="UTF-8"/>
    <property name="java.vm.name" value="OpenJDK 64-Bit Server VM"/>
    <property name="localRepository" value="/home/rhel7/.m2/repository"/>
    <property name="java.vendor.url.bug" value="http://bugreport.sun.com/bugreport/"/>
    <property name="java.io.tmpdir" value="/tmp"/>
    <property name="idea.version" value="2023.2.2"/>
    <property name="java.version" value="1.8.0_232"/>
    <property name="user.dir" value="/home/rhel7/proyectos/e2e-tests"/>
    <property name="os.arch" value="amd64"/>
    <property name="java.vm.specification.name" value="Java Virtual Machine Specification"/>
    <property name="java.awt.printerjob" value="sun.print.PSPrinterJob"/>
    <property name="sun.os.patch.level" value="unknown"/>
    <property name="java.library.path" value="/usr/java/packages/lib/amd64:/usr/lib64:/lib64:/lib:/usr/lib"/>
    <property name="java.vm.info" value="mixed mode"/>
    <property name="java.vendor" value="Oracle Corporation"/>
    <property name="java.vm.version" value="25.232-b09"/>
    <property name="java.ext.dirs" value="/usr/lib/jvm/java-1.8.0-openjdk-1.8.0.232.b09-0.el7_7.x86_64/jre/lib/ext:/usr/java/packages/lib/ext"/>
    <property name="sun.io.unicode.encoding" value="UnicodeLittle"/>
    <property name="java.class.version" value="52.0"/>
  </properties>
  <testcase name="When the user john_snow sends 2 right attempts" classname="Scenario: A user sends a higher number of right attempts and" time="0.004">
    <system-out><![CDATA[Feature: Users are listed from highest score to lowest, and when
  they get points they can move up on the ranking.
]]></system-out>
  </testcase>
  <testcase name="And the user peter sends 1 right attempts" classname="Scenario: A user sends a higher number of right attempts and" time="0.001"/>
  <testcase name="Then the user john_snow is the number 1 on the leaderboard" classname="Scenario: A user sends a higher number of right attempts and" time="0"/>
  <testcase name="And the user peter is the number 2 on the leaderboard" classname="Scenario: A user sends a higher number of right attempts and" time="0"/>
  <testcase name="Given the user john_snow sends 3 right attempts" classname="Scenario: A user passes another one when gets higher score." time="0.003">
    <system-out><![CDATA[
  Scenario: A user sends a higher number of right attempts and &amp#27;[90m# src/test/resources/leaderboard.feature:4&amp#27;[0m
    it's positioned at the first place in the ranking.

    &amp#27;[32mWhen &amp#27;[0m&amp#27;[32mthe user &amp#27;[0m&amp#27;[32m&amp#27;[1mjohn_snow&amp#27;[0m&amp#27;[32m sends &amp#27;[0m&amp#27;[32m&amp#27;[1m2&amp#27;[0m&amp#27;[32m &amp#27;[0m&amp#27;[32m&amp#27;[1mright&amp#27;[0m&amp#27;[32m attempts&amp#27;[0m             &amp#27;[90m# MultiplicationFeatureSteps.the_user_sends_attempts(String,int,String)&amp#27;[0m
    &amp#27;[32mAnd &amp#27;[0m&amp#27;[32mthe user &amp#27;[0m&amp#27;[32m&amp#27;[1mpeter&amp#27;[0m&amp#27;[32m sends &amp#27;[0m&amp#27;[32m&amp#27;[1m1&amp#27;[0m&amp#27;[32m &amp#27;[0m&amp#27;[32m&amp#27;[1mright&amp#27;[0m&amp#27;[32m attempts&amp#27;[0m                  &amp#27;[90m# MultiplicationFeatureSteps.the_user_sends_attempts(String,int,String)&amp#27;[0m
    &amp#27;[32mThen &amp#27;[0m&amp#27;[32mthe user &amp#27;[0m&amp#27;[32m&amp#27;[1mjohn_snow&amp#27;[0m&amp#27;[32m is the number &amp#27;[0m&amp#27;[32m&amp#27;[1m1&amp#27;[0m&amp#27;[32m on the leaderboard&amp#27;[0m &amp#27;[90m# LeaderboardFeatureSteps.the_user_is_the_number_on_the_leaderboard(String,int)&amp#27;[0m
    &amp#27;[32mAnd &amp#27;[0m&amp#27;[32mthe user &amp#27;[0m&amp#27;[32m&amp#27;[1mpeter&amp#27;[0m&amp#27;[32m is the number &amp#27;[0m&amp#27;[32m&amp#27;[1m2&amp#27;[0m&amp#27;[32m on the leaderboard&amp#27;[0m      &amp#27;[90m# LeaderboardFeatureSteps.the_user_is_the_number_on_the_leaderboard(String,int)&amp#27;[0m
]]></system-out>
  </testcase>
  <testcase name="And the user peter sends 2 right attempts" classname="Scenario: A user passes another one when gets higher score." time="0"/>
  <testcase name="And the user john_snow is the number 1 on the leaderboard" classname="Scenario: A user passes another one when gets higher score." time="0.001"/>
  <testcase name="When the user peter sends 2 right attempts" classname="Scenario: A user passes another one when gets higher score." time="0"/>
  <testcase name="Then the user peter is the number 1 on the leaderboard" classname="Scenario: A user passes another one when gets higher score." time="0.001"/>
  <testcase name="And the user john_snow is the number 2 on the leaderboard" classname="Scenario: A user passes another one when gets higher score." time="0"/>
</testsuite>