<?xml version="1.0" encoding="UTF-8" standalone="no"?>
<testsuite failures="0" name="cucumber.runtime.formatter.JUnitFormatter" skipped="0" tests="5" time="25.990292">
<testcase classname="Users are able to send their multiplication" name="The user sends a first right attempt and gets a badge" time="4.214488">
<system-out><![CDATA[When the user john_snow sends 1 right attempts..............................passed
Then the user gets a response indicating the attempt is right...............passed
And the user gets 10 points for the attempt.................................passed
And the user gets the FIRST_WON badge.......................................passed
]]></system-out>
</testcase>
<testcase classname="Users are able to send their multiplication" name="The user sends a second right attempt and gets points only" time="4.233535">
<system-out><![CDATA[Given the user john_snow sends 1 right attempts.............................passed
And the user gets the FIRST_WON badge.......................................passed
When the user john_snow sends 1 right attempts..............................passed
Then the user gets a response indicating the attempt is right...............passed
And the user gets 10 points for the attempt.................................passed
And the user does not get any badge.........................................passed
]]></system-out>
</testcase>
<testcase classname="Users are able to send their multiplication" name="The user sends a right attempt after 9 right attempts and then gets a badge BRONZE_MULTIPLICATOR" time="4.441648">
<system-out><![CDATA[Given the user john_snow sends 9 right attempts.............................passed
When the user john_snow sends 1 right attempts..............................passed
Then the user gets a response indicating the attempt is right...............passed
And the user gets 10 points for the attempt.................................passed
And the user gets the BRONZE_MULTIPLICATOR badge............................passed
]]></system-out>
</testcase>
<testcase classname="Users are able to send their multiplication" name="The user sends a right attempt after 49 right attempts and then gets a badge SILVER_MULTIPLICATOR" time="6.093578">
<system-out><![CDATA[Given the user john_snow sends 49 right attempts............................passed
When the user john_snow sends 1 right attempts..............................passed
Then the user gets a response indicating the attempt is right...............passed
And the user gets 10 points for the attempt.................................passed
And the user gets the SILVER_MULTIPLICATOR badge............................passed
]]></system-out>
</testcase>
<testcase classname="Users are able to send their multiplication" name="The user sends a right attempt after 99 right attempts and then gets a badge GOLD_MULTIPLICATOR" time="7.007043">
<system-out><![CDATA[Given the user john_snow sends 99 right attempts............................passed
When the user john_snow sends 1 right attempts..............................passed
Then the user gets a response indicating the attempt is right...............passed
And the user gets 10 points for the attempt.................................passed
And the user gets the GOLD_MULTIPLICATOR badge..............................passed
]]></system-out>
</testcase>
</testsuite>
